PS C:\Users\benj-\Desktop\Blockchain\NRG> ganache-cli
Ganache CLI v6.12.2 (ganache-core: 2.13.2)
eth_blockNumber

Available Accounts
==================
(0) 0x2Fd4514C7EFdC05021D2b371490Ef104AB9afa46 (100 ETH)
(1) 0x3A829c50f14426c73034A4f58EBeaF20823d230A (100 ETH)
(2) 0xFe58bc208AD5aE017a180E25c188691Ff75Ce33e (100 ETH)
(3) 0x1d79c008FdcB98920F4996CeA7f99828B0D863C7 (100 ETH)
(4) 0xD335e38bf1cf33cc02d7858df49AE5Ca1CBd2Cab (100 ETH)
(5) 0x4f3074A666aa5620B6ad4A56d217942EA97cbA8A (100 ETH)
(6) 0xA2a8264a0Aab6aC3cba6b2eC24d8B076F4b3F412 (100 ETH)
(7) 0x59FB6030609f4cAE55220E9356F68930256aB5d0 (100 ETH)
(8) 0xdDB7744Bd699302f07Ee060B1dA42e61ab6cF2DF (100 ETH)
(9) 0x1521CA59231eD4c6b43C976064B191Ae7881aA3e (100 ETH)

Private Keys
==================
(0) 0x8d5bf06b6c2e36a499d92c3dbcdf99a3fb72ae1ca941111a5544b5ec381049f5
(1) 0xe4ef0ddf4be06499e36090e4ea6d3ffc48d2ed7755ec89754853699f365ea1db
(2) 0x13675a64e609f6694b4cd4b08c3b08a099f7589fd54f96c530c498af0b510144
(3) 0xf8465f4474652075a13984df52ece2583bd35f9f485ab66ff7e4de87b31d0025
(4) 0x2bc77a3a6c0bb5b31de30be3e6f4176dffc68578b9f8954d3caa72cef85c17ab
(5) 0x51bade4faf96cc644705ed1766b6db4a34af4a48cb6c7824f6d2ed96bd67a8c9
(6) 0x47b88419e6c9c5a08f75259bccae0713630abf3b62a5e84f8597f1f96dd0867d
(7) 0xc8a1a89b5b3061b7493a0cdd708202ddd9ac72b8c9619b2d72f8ccff5ab407c3
(8) 0x7de40c19ee327f45150df8ee06cbb75363ca86fd3414109200192f87d08c0a6b
(9) 0x3ce9d1581e0c41746d7ebe3fa1ea365aa4aff87eacc45f0409e773e5929567d0

HD Wallet
==================
Mnemonic:      error kite piano country social year supreme height horn breeze kingdom grid
Base HD Path:  m/44'/60'/0'/0/{account_index}

Gas Price
==================
20000000000

Gas Limit
==================
6721975

Call Gas Limit
==================
9007199254740991

Listening on 127.0.0.1:8545
eth_blockNumber
eth_blockNumber
net_version
eth_accounts
eth_blockNumber
net_version
eth_blockNumber
eth_blockNumber
net_version
eth_accounts
eth_blockNumber
net_version
eth_accounts
eth_blockNumber
eth_blockNumber
eth_blockNumber
net_version
eth_accounts
eth_blockNumber
net_version
eth_accounts
eth_blockNumber
eth_blockNumber
net_version
eth_accounts
eth_blockNumber
net_version
eth_accounts
eth_blockNumber
eth_blockNumber
eth_blockNumber
eth_blockNumber
eth_blockNumber
eth_blockNumber
eth_blockNumber
net_version
eth_accounts
eth_blockNumber
net_version
eth_blockNumber
eth_accounts
eth_blockNumber
net_version
eth_accounts
eth_blockNumber
net_version
eth_accounts
eth_blockNumber
eth_getBlockByNumber
eth_accounts
net_version
eth_getBlockByNumber
eth_getBlockByNumber
net_version
eth_getBlockByNumber
eth_estimateGas
net_version
eth_blockNumber
eth_getBlockByNumber
eth_estimateGas
eth_getBlockByNumber
eth_gasPrice
eth_sendTransaction

  Transaction: 0xd2e4b7357398cd113372b9e252006886c8ea7d85b0b5e08f3296ea4cbff16ae8
  Contract created: 0x2580847b8e5690e991f199a112c972eb558c801f
  Gas usage: 635739
  Block Number: 1
  Block Time: Thu May 04 2023 06:34:59 GMT+0800 (中国标准时间)

eth_getTransactionReceipt
eth_getCode
eth_getBlockByNumber
eth_accounts
eth_getBlockByNumber
eth_getBlockByNumber
eth_getBlockByNumber
eth_estimateGas
eth_getBlockByNumber
eth_blockNumber
eth_estimateGas
eth_getBlockByNumber
eth_gasPrice
eth_sendTransaction

  Transaction: 0x6bf6a3ed5c0af5c3f53809d181f36e08bc02bf1ac362ba8142ca28376c8c0678
  Contract created: 0xdff363af5f2a771eaf56bf5481ba7e0be7467f06
  Gas usage: 635739
  Block Number: 2
  Block Time: Thu May 04 2023 06:35:00 GMT+0800 (中国标准时间)

eth_getTransactionReceipt
eth_getCode
eth_getBlockByNumber
eth_getBlockByNumber
evm_snapshot
eth_getBlockByNumber
eth_getBlockByNumber
Saved snapshot #1
eth_getBlockByNumber
net_version
eth_getBlockByNumber
eth_getBlockByNumber
eth_getBlockByNumber
net_version
eth_getBlockByNumber
eth_estimateGas
net_version
eth_blockNumber
eth_getBlockByNumber
eth_estimateGas
eth_getBlockByNumber
eth_gasPrice
eth_sendTransaction

  Transaction: 0x37bc5acec988705d2f963ffb03e82dd6a623935286d3897abd8f4d63fd6c8c42
  Contract created: 0x7e1f306a204a0e38a00696779f2ebf9416d50ebe
  Gas usage: 72217
  Block Number: 3
  Block Time: Thu May 04 2023 06:35:05 GMT+0800 (中国标准时间)

eth_getTransactionReceipt
eth_getCode
net_version
eth_getBlockByNumber
eth_getBlockByNumber
net_version
eth_getBlockByNumber
eth_estimateGas
eth_getBlockByNumber
eth_getBlockByNumber
net_version
eth_blockNumber
eth_getBlockByNumber
eth_getBlockByNumber
eth_getBlockByNumber
eth_estimateGas
eth_getBlockByNumber
eth_gasPrice
eth_sendTransaction

  Transaction: 0x4d6b7378f9ce1e226601e2e9ab3659dee40e9f1530dba2a2e7fe8ee5659d239b
  Contract created: 0x1372254edb0c32d397b5109bd8929b6103c36953
  Gas usage: 262175
  Block Number: 4
  Block Time: Thu May 04 2023 06:35:06 GMT+0800 (中国标准时间)

eth_getTransactionReceipt
eth_getCode
net_version
eth_getBlockByNumber
eth_getBlockByNumber
net_version
eth_getBlockByNumber
eth_estimateGas
net_version
eth_blockNumber
eth_getBlockByNumber
eth_estimateGas
eth_getBlockByNumber
eth_gasPrice
eth_sendTransaction
eth_getBlockByNumber

  Transaction: 0x2126eceea2dfb08ec175b1bce1524ad97e8912f48a1728d1c35ef6bf80d8f255
  Contract created: 0xcb0fe86b146f11de6e011096ad13330fd74c7bd4
  Gas usage: 809127
  Block Number: 5
  Block Time: Thu May 04 2023 06:35:06 GMT+0800 (中国标准时间)

eth_getTransactionReceipt
eth_getBlockByNumber
eth_getBlockByNumber
eth_getBlockByNumber
eth_getCode
eth_getBlockByNumber
eth_getBlockByNumber
net_version
eth_getBlockByNumber
eth_getBlockByNumber
net_version
eth_getBlockByNumber
eth_estimateGas
net_version
eth_blockNumber
eth_getBlockByNumber
eth_estimateGas
eth_getBlockByNumber
eth_getBlockByNumber
eth_gasPrice
eth_getBlockByNumber
eth_sendTransaction

  Transaction: 0xd42012df1ecaf65e770b3b77e18f41ed9bc64b7d66b703beafd7323192809b5e
  Contract created: 0xc28248632c39e0249778bd35f15c749bbc6071cc
  Gas usage: 260216
  Block Number: 6
  Block Time: Thu May 04 2023 06:35:07 GMT+0800 (中国标准时间)

eth_getTransactionReceipt
eth_getCode
net_version
eth_getBlockByNumber
eth_getBlockByNumber
net_version
eth_getBlockByNumber
eth_estimateGas
eth_getBlockByNumber
net_version
eth_blockNumber
eth_getBlockByNumber
eth_getBlockByNumber
eth_getBlockByNumber
eth_getBlockByNumber
eth_getBlockByNumber
eth_estimateGas
eth_getBlockByNumber
eth_getBlockByNumber
eth_getBlockByNumber
eth_getBlockByNumber
eth_gasPrice
eth_sendTransaction

  Transaction: 0x920ea23f58882e47d4193075ecce7616b7d6f58ba07e63ee52d02c0ab2df0e0c
  Contract created: 0xf4f7d11682b1629ff6c5b4c8688f3c41627eacb9
  Gas usage: 674195
  Block Number: 7
  Block Time: Thu May 04 2023 06:35:07 GMT+0800 (中国标准时间)

eth_getTransactionReceipt
eth_getCode
net_version
eth_getBlockByNumber
eth_getBlockByNumber
net_version
eth_getBlockByNumber
eth_getBlockByNumber
eth_estimateGas
eth_getBlockByNumber
net_version
eth_blockNumber
eth_getBlockByNumber
eth_estimateGas
eth_getBlockByNumber
eth_getBlockByNumber
eth_gasPrice
eth_getBlockByNumber
eth_sendTransaction
eth_getBlockByNumber

  Transaction: 0x58039a9903089267a75e5e1c9ac1a2aaf8e4d1d6354c81d4d933197b3caaf073
  Contract created: 0xd5b5f8cdf86e8b62b1b50eedefb1a6230c6bc5e2
  Gas usage: 242477
  Block Number: 8
  Block Time: Thu May 04 2023 06:35:08 GMT+0800 (中国标准时间)

eth_getTransactionReceipt
eth_getBlockByNumber
eth_getCode
net_version
eth_getBlockByNumber
eth_getBlockByNumber
eth_getBlockByNumber
net_version
eth_getBlockByNumber
eth_getBlockByNumber
eth_getBlockByNumber
eth_getBlockByNumber
eth_getBlockByNumber
eth_getBlockByNumber
eth_estimateGas
net_version
eth_blockNumber
eth_getBlockByNumber
eth_estimateGas
eth_getBlockByNumber
eth_getBlockByNumber
eth_gasPrice
eth_getBlockByNumber
eth_sendTransaction
eth_getBlockByNumber

  Transaction: 0xedde942d7d17fb8fccad04b5ad9a0cea0cd5e48ce5330dc5e9163bcc14226d9f
  Contract created: 0x0c33488a6082666f55275f57f73ebae17ba9a927
  Gas usage: 795698
  Block Number: 9
  Block Time: Thu May 04 2023 06:35:09 GMT+0800 (中国标准时间)

eth_getTransactionReceipt
eth_getBlockByNumber
eth_getCode
net_version
eth_getBlockByNumber
eth_getBlockByNumber
net_version
eth_getBlockByNumber
eth_estimateGas
eth_getBlockByNumber
net_version
eth_blockNumber
eth_getBlockByNumber
eth_getBlockByNumber
eth_estimateGas
eth_getBlockByNumber
eth_gasPrice
eth_getBlockByNumber
eth_sendTransaction
eth_getBlockByNumber
eth_getBlockByNumber
eth_getBlockByNumber
eth_getBlockByNumber
eth_getBlockByNumber

  Transaction: 0x53a95be2735d9dd331a04b3489487f2b83a83317bda3ef6ea1d21857e82f90c7
  Contract created: 0x80ab126a866f2699823766ef91d3991166a36005
  Gas usage: 181246
  Block Number: 10
  Block Time: Thu May 04 2023 06:35:09 GMT+0800 (中国标准时间)

eth_getTransactionReceipt
eth_getBlockByNumber
eth_getBlockByNumber
eth_getBlockByNumber
eth_getBlockByNumber
eth_getCode
net_version
eth_getBlockByNumber
eth_getBlockByNumber
net_version
eth_getBlockByNumber
eth_estimateGas
eth_getBlockByNumber
net_version
eth_blockNumber
eth_getBlockByNumber
eth_getBlockByNumber
eth_estimateGas
eth_getBlockByNumber
eth_getBlockByNumber
eth_getBlockByNumber
eth_gasPrice
eth_getBlockByNumber
eth_getBlockByNumber
eth_sendTransaction
eth_getBlockByNumber

  Transaction: 0x358c20ebdca078252616dfb981952b627f2c5a5ab251bab00f384be86a3ad6aa
  Contract created: 0x3bc18f01483ffe26f5ee636f7360ebfde67e2ea4
  Gas usage: 928433
  Block Number: 11
  Block Time: Thu May 04 2023 06:35:10 GMT+0800 (中国标准时间)

eth_getTransactionReceipt
eth_getBlockByNumber
eth_getCode
net_version
eth_getBlockByNumber
eth_getBlockByNumber
net_version
eth_getBlockByNumber
eth_estimateGas
eth_getBlockByNumber
eth_getBlockByNumber
net_version
eth_blockNumber
eth_getBlockByNumber
eth_getBlockByNumber
eth_getBlockByNumber
eth_getBlockByNumber
eth_getBlockByNumber
eth_getBlockByNumber
eth_getBlockByNumber
eth_getBlockByNumber
eth_getBlockByNumber
eth_estimateGas
eth_getBlockByNumber
eth_getBlockByNumber
eth_gasPrice
eth_getBlockByNumber
eth_sendTransaction
eth_getBlockByNumber

  Transaction: 0xe204d51b85b8149a6d364f8871fbf145039bac7113611f87910967cf85e1c2a0
  Contract created: 0xcc77fd943797a6a4831652c8cba1ab0c5794dff9
  Gas usage: 795722
  Block Number: 12
  Block Time: Thu May 04 2023 06:35:11 GMT+0800 (中国标准时间)

eth_getTransactionReceipt
eth_getBlockByNumber
eth_getCode
net_version
eth_getBlockByNumber
eth_getBlockByNumber
eth_getBlockByNumber
net_version
eth_getBlockByNumber
eth_getBlockByNumber
eth_estimateGas
eth_getBlockByNumber
net_version
eth_blockNumber
eth_getBlockByNumber
eth_getBlockByNumber
eth_estimateGas
eth_getBlockByNumber
eth_getBlockByNumber
eth_gasPrice
eth_getBlockByNumber
eth_getBlockByNumber
eth_sendTransaction
eth_getBlockByNumber

  Transaction: 0x1182664ffee02d6fb8437f56551b1a5b2c46dce19d1f3fdcb9b0132984167d82
  Contract created: 0xe98e7b27ced492b3187afe682ee9849e0240dc3c
  Gas usage: 750873
  Block Number: 13
  Block Time: Thu May 04 2023 06:35:11 GMT+0800 (中国标准时间)

eth_getTransactionReceipt
eth_getCode
eth_getBlockByNumber
net_version
eth_getBlockByNumber
eth_getBlockByNumber
eth_getBlockByNumber
eth_getBlockByNumber
net_version
eth_getBlockByNumber
eth_getBlockByNumber
eth_estimateGas
eth_getBlockByNumber
eth_getBlockByNumber
eth_getBlockByNumber
eth_getBlockByNumber
net_version
eth_blockNumber
eth_getBlockByNumber
eth_getBlockByNumber
eth_getBlockByNumber
eth_getBlockByNumber
eth_getBlockByNumber
eth_estimateGas
eth_getBlockByNumber
eth_getBlockByNumber
eth_getBlockByNumber
eth_gasPrice
eth_getBlockByNumber
eth_getBlockByNumber
eth_sendTransaction
eth_getBlockByNumber
eth_getBlockByNumber

  Transaction: 0xb9370e8f75ce0b14054386cf73220df46fdfd9ccc285e7f7f83624babb93f730
  Contract created: 0x4cc40fd172fd7fe8df1b59da63dddc4bfe399db7
  Gas usage: 884594
  Block Number: 14
  Block Time: Thu May 04 2023 06:35:12 GMT+0800 (中国标准时间)

eth_getTransactionReceipt
eth_getBlockByNumber
eth_getBlockByNumber
eth_getCode
net_version
eth_getBlockByNumber
eth_getBlockByNumber
net_version
eth_getBlockByNumber
eth_estimateGas
eth_getBlockByNumber
eth_getBlockByNumber
net_version
eth_blockNumber
eth_getBlockByNumber
eth_getBlockByNumber
eth_getBlockByNumber
eth_estimateGas
eth_getBlockByNumber
eth_getBlockByNumber
eth_getBlockByNumber
eth_getBlockByNumber
eth_gasPrice
eth_getBlockByNumber
eth_getBlockByNumber
eth_getBlockByNumber
eth_sendTransaction
eth_getBlockByNumber
eth_getBlockByNumber
eth_getBlockByNumber
eth_getBlockByNumber

  Transaction: 0x70eb1910cda4dda59bfa5c10b8cb36d03615c15b5ef254f3264f11e4c0be89d4
  Contract created: 0x9334d19d7952f35b2b8b61edf3befbb849dd0391
  Gas usage: 795722
  Block Number: 15
  Block Time: Thu May 04 2023 06:35:12 GMT+0800 (中国标准时间)

eth_getTransactionReceipt
eth_getBlockByNumber
eth_getBlockByNumber
eth_getBlockByNumber
eth_getBlockByNumber
eth_getCode
net_version
eth_getBlockByNumber
eth_getBlockByNumber
net_version
eth_getBlockByNumber
eth_estimateGas
eth_getBlockByNumber
eth_getBlockByNumber
net_version
eth_blockNumber
eth_getBlockByNumber
eth_getBlockByNumber
eth_getBlockByNumber
eth_getBlockByNumber
eth_estimateGas
eth_getBlockByNumber
eth_getBlockByNumber
eth_getBlockByNumber
eth_getBlockByNumber
eth_gasPrice
eth_getBlockByNumber
eth_getBlockByNumber
eth_sendTransaction
eth_getBlockByNumber

  Transaction: 0x9fdc5d79c10ca09e3b3fc432297c43051bf01a451873d657ad2ac92871006e33
  Contract created: 0x6b6128a0f30bc5db2abec0371ca6f6c06b27e546
  Gas usage: 136327
  Block Number: 16
  Block Time: Thu May 04 2023 06:35:13 GMT+0800 (中国标准时间)

eth_getTransactionReceipt
eth_getBlockByNumber
eth_getBlockByNumber
eth_getCode
eth_getBlockByNumber
net_version
eth_getBlockByNumber
eth_getBlockByNumber
net_version
eth_getBlockByNumber
eth_estimateGas
eth_getBlockByNumber
eth_getBlockByNumber
eth_getBlockByNumber
eth_getBlockByNumber
eth_getBlockByNumber
eth_getBlockByNumber
net_version
eth_blockNumber
eth_getBlockByNumber
eth_getBlockByNumber
eth_getBlockByNumber
eth_getBlockByNumber
eth_getBlockByNumber
eth_getBlockByNumber
eth_getBlockByNumber
eth_getBlockByNumber
eth_estimateGas
eth_getBlockByNumber
eth_getBlockByNumber
eth_getBlockByNumber
eth_gasPrice
eth_getBlockByNumber
eth_sendTransaction
eth_getBlockByNumber
eth_getBlockByNumber

  Transaction: 0xdf67872368b489b8c65ce6e980d6fcac6bfc624041269276abefcb45af19a324
  Contract created: 0xbb028e49620b549d9ee2548110e4c989d9df3c78
  Gas usage: 72205
  Block Number: 17
  Block Time: Thu May 04 2023 06:35:14 GMT+0800 (中国标准时间)

eth_getTransactionReceipt
eth_getBlockByNumber
eth_getBlockByNumber
eth_getCode
eth_getBlockByNumber
eth_getBlockByNumber
eth_getBlockByNumber
eth_getBlockByNumber
eth_getBlockByNumber
eth_getBlockByNumber
eth_getBlockByNumber
eth_getBlockByNumber
eth_getBlockByNumber
eth_getBlockByNumber
eth_getBlockByNumber
eth_getBlockByNumber
eth_getBlockByNumber
eth_getBlockByNumber
eth_estimateGas
eth_getBlockByNumber
eth_getBlockByNumber
eth_getBlockByNumber
eth_getBlockByNumber
eth_getBlockByNumber
eth_blockNumber
eth_getBlockByNumber
eth_getBlockByNumber
eth_getBlockByNumber
eth_getBlockByNumber
eth_getBlockByNumber
eth_getBlockByNumber
eth_estimateGas
eth_getBlockByNumber
eth_getBlockByNumber
eth_getBlockByNumber
eth_getBlockByNumber
eth_getBlockByNumber
eth_getBlockByNumber
eth_gasPrice
eth_getBlockByNumber
eth_getBlockByNumber
eth_sendTransaction
eth_getBlockByNumber
eth_getBlockByNumber
eth_getBlockByNumber

  Transaction: 0xd71ab51c03a5807727501839a8c5e868fda56baf92df0a6011aab767dc8377b6
  Contract created: 0xbe54cbf5eb9de3a6064cc964395fda5ac89c598e
  Gas usage: 1078064
  Block Number: 18
  Block Time: Thu May 04 2023 06:35:15 GMT+0800 (中国标准时间)

eth_getTransactionReceipt
eth_getBlockByNumber
eth_getBlockByNumber
eth_getBlockByNumber
eth_getCode
eth_getBlockByNumber
eth_blockNumber
eth_getBlockByNumber
eth_getBlockByNumber
eth_estimateGas
eth_getBlockByNumber
eth_gasPrice
eth_sendTransaction
eth_getBlockByNumber
eth_getBlockByNumber
eth_getBlockByNumber
eth_getBlockByNumber
eth_getBlockByNumber
eth_getBlockByNumber

  Transaction: 0xf16e04f854a92079eeeabfe4ff12d57955cddb85fce8004fe877f4d9424835a3
  Gas usage: 21250
  Block Number: 19
  Block Time: Thu May 04 2023 06:35:15 GMT+0800 (中国标准时间)

eth_getTransactionReceipt
eth_getBlockByNumber
eth_getBlockByNumber
eth_getBlockByNumber
eth_getBlockByNumber
eth_getBlockByNumber
eth_getBlockByNumber
eth_blockNumber
eth_getBlockByNumber
eth_getBlockByNumber
eth_getBlockByNumber
eth_getBlockByNumber
eth_getBlockByNumber
eth_getBlockByNumber
eth_getBlockByNumber
eth_estimateGas
eth_getBlockByNumber
eth_getBlockByNumber
eth_getBlockByNumber
eth_getBlockByNumber
eth_getBlockByNumber
eth_getBlockByNumber
eth_getBlockByNumber
eth_gasPrice
eth_getBlockByNumber
eth_getBlockByNumber
eth_getBlockByNumber
eth_getBlockByNumber
eth_getBlockByNumber
eth_sendTransaction
eth_getBlockByNumber
eth_getBlockByNumber
eth_getBlockByNumber
eth_getBlockByNumber

  Transaction: 0xed0dcfe270d08e3fd23caefe548d4d4d11a2e365ae812b44925ace556eab9bdb
  Gas usage: 718660
  Block Number: 20
  Block Time: Thu May 04 2023 06:35:16 GMT+0800 (中国标准时间)

eth_getTransactionReceipt
eth_getBlockByNumber
eth_getBlockByNumber
eth_getBlockByNumber
eth_getBlockByNumber
eth_getCode
eth_blockNumber
eth_getBlockByNumber
eth_getBlockByNumber
eth_estimateGas
eth_getBlockByNumber
eth_getBlockByNumber
eth_getBlockByNumber
eth_getBlockByNumber
eth_getBlockByNumber
eth_getBlockByNumber
eth_getBlockByNumber
eth_gasPrice
eth_getBlockByNumber
eth_getBlockByNumber
eth_getBlockByNumber
eth_getBlockByNumber
eth_getBlockByNumber
eth_getBlockByNumber
eth_sendTransaction
eth_getBlockByNumber
eth_getBlockByNumber
eth_getBlockByNumber
eth_getBlockByNumber
eth_getBlockByNumber
eth_getBlockByNumber
eth_getBlockByNumber

  Transaction: 0xd31be667bbfd56a7985275efca7b35b489280eae5968e27b201e9b600917563a
  Gas usage: 30429
  Block Number: 21
  Block Time: Thu May 04 2023 06:35:16 GMT+0800 (中国标准时间)

eth_getTransactionReceipt
eth_getBlockByNumber
eth_getBlockByNumber
eth_getBlockByNumber
eth_getBlockByNumber
eth_getBlockByNumber
eth_getBlockByNumber
eth_getBlockByNumber
eth_getCode
eth_getBlockByNumber
eth_blockNumber
eth_getBlockByNumber
eth_getBlockByNumber
eth_getBlockByNumber
eth_getBlockByNumber
eth_estimateGas
eth_getBlockByNumber
eth_getBlockByNumber
eth_gasPrice
eth_sendTransaction
eth_getBlockByNumber
eth_getBlockByNumber
eth_getBlockByNumber

  Transaction: 0x2f8c6c65dac7763f1f4145e2db7b303a851493e0d9622911e1c0f67c1fea662d
  Gas usage: 30456
  Block Number: 22
  Block Time: Thu May 04 2023 06:35:17 GMT+0800 (中国标准时间)

eth_getTransactionReceipt
eth_getBlockByNumber
eth_getBlockByNumber
eth_getBlockByNumber
eth_getBlockByNumber
eth_getCode
eth_getBlockByNumber
eth_blockNumber
eth_getBlockByNumber
eth_getBlockByNumber
eth_estimateGas
eth_getBlockByNumber
eth_getBlockByNumber
eth_gasPrice
eth_getBlockByNumber
eth_sendTransaction
eth_getBlockByNumber
eth_getBlockByNumber
eth_getBlockByNumber
eth_getBlockByNumber
eth_getBlockByNumber
eth_getBlockByNumber
eth_getBlockByNumber

  Transaction: 0x66d1ec43e14e1ca47a485f8eba759a918e2b3d4647c01a52873c6baf8981c715
  Gas usage: 30390
  Block Number: 23
  Block Time: Thu May 04 2023 06:35:17 GMT+0800 (中国标准时间)

eth_getTransactionReceipt
eth_getBlockByNumber
eth_getBlockByNumber
eth_getBlockByNumber
eth_getBlockByNumber
eth_getBlockByNumber
eth_getBlockByNumber
eth_getBlockByNumber
eth_getCode
eth_getBlockByNumber
eth_getBlockByNumber
eth_getBlockByNumber
eth_getBlockByNumber
eth_getBlockByNumber
eth_getBlockByNumber
eth_blockNumber
eth_getBlockByNumber
eth_getBlockByNumber
eth_getBlockByNumber
eth_getBlockByNumber
eth_getBlockByNumber
eth_getBlockByNumber
eth_getBlockByNumber
eth_getBlockByNumber
eth_getBlockByNumber
eth_getBlockByNumber
eth_getBlockByNumber
eth_getBlockByNumber
eth_estimateGas
eth_getBlockByNumber
eth_getBlockByNumber
eth_gasPrice
eth_getBlockByNumber
eth_sendTransaction
eth_getBlockByNumber
eth_getBlockByNumber

  Transaction: 0xc6f0f172a77a728d4d14e2df7a1bcb2e0be02aadef2d13bf8989b58ffbf27b66
  Gas usage: 30451
  Block Number: 24
  Block Time: Thu May 04 2023 06:35:18 GMT+0800 (中国标准时间)

eth_getBlockByNumber
eth_getTransactionReceipt
eth_getBlockByNumber
eth_getBlockByNumber
eth_getBlockByNumber
eth_getCode
eth_getBlockByNumber
eth_blockNumber
eth_getBlockByNumber
eth_getBlockByNumber
eth_getBlockByNumber
eth_getBlockByNumber
eth_getBlockByNumber
eth_estimateGas
eth_getBlockByNumber
eth_getBlockByNumber
eth_gasPrice
eth_getBlockByNumber
eth_sendTransaction
eth_getBlockByNumber
eth_getBlockByNumber
eth_getBlockByNumber
eth_getBlockByNumber
eth_getBlockByNumber
eth_getBlockByNumber

  Transaction: 0x89cf687c92b6a4d81387fce8227d29678b4658fc48308269f6143eac77be7c4f
  Gas usage: 30406
  Block Number: 25
  Block Time: Thu May 04 2023 06:35:18 GMT+0800 (中国标准时间)

eth_getTransactionReceipt
eth_getBlockByNumber
eth_getBlockByNumber
eth_getBlockByNumber
eth_getBlockByNumber
eth_getBlockByNumber
eth_getBlockByNumber
eth_getBlockByNumber
eth_getCode
eth_blockNumber
eth_getBlockByNumber
eth_getBlockByNumber
eth_getBlockByNumber
eth_getBlockByNumber
eth_blockNumber
eth_getBlockByNumber
eth_getBlockByNumber
eth_getBlockByNumber
eth_getBlockByNumber
eth_getBlockByNumber
eth_getBlockByNumber
eth_getBlockByNumber
eth_getBlockByNumber
eth_getBlockByNumber
eth_getBlockByNumber
eth_getBlockByNumber
eth_getBlockByNumber
eth_getBlockByNumber
eth_estimateGas
eth_getBlockByNumber
eth_getBlockByNumber
eth_getBlockByNumber
eth_getBlockByNumber
eth_gasPrice
eth_getBlockByNumber
eth_getBlockByNumber
eth_getBlockByNumber
eth_sendTransaction

  Transaction: 0x1d84cad3555b0f801a0b30eaa456f49081c5e3ce2153c0a49f6e50feee1b9d47
  Gas usage: 30368
  Block Number: 26
  Block Time: Thu May 04 2023 06:35:19 GMT+0800 (中国标准时间)

eth_getTransactionReceipt
eth_getBlockByNumber
eth_getCode
eth_getBlockByNumber
eth_blockNumber
eth_getBlockByNumber
eth_getBlockByNumber
eth_getBlockByNumber
eth_getBlockByNumber
eth_estimateGas
eth_getBlockByNumber
eth_getBlockByNumber
eth_getBlockByNumber
eth_getBlockByNumber
eth_getBlockByNumber
eth_getBlockByNumber
eth_gasPrice
eth_getBlockByNumber
eth_getBlockByNumber
eth_getBlockByNumber
eth_getBlockByNumber
eth_getBlockByNumber
eth_sendTransaction
eth_getBlockByNumber
eth_getBlockByNumber
eth_getBlockByNumber
eth_getBlockByNumber
eth_getBlockByNumber
eth_getBlockByNumber
eth_getBlockByNumber
eth_getBlockByNumber

  Transaction: 0xa938e39325cc409545bbc646aedd7f9aaa4c1bb59eb592638e114093dbfa00cf
  Gas usage: 30385
  Block Number: 27
  Block Time: Thu May 04 2023 06:35:19 GMT+0800 (中国标准时间)

eth_getTransactionReceipt
eth_getBlockByNumber
eth_getBlockByNumber
eth_getBlockByNumber
eth_getBlockByNumber
eth_getBlockByNumber
eth_getBlockByNumber
eth_getBlockByNumber
eth_getBlockByNumber
eth_getBlockByNumber
eth_getCode
eth_getBlockByNumber
eth_getBlockByNumber
eth_getBlockByNumber
eth_getBlockByNumber
eth_getBlockByNumber
eth_getBlockByNumber
eth_getBlockByNumber
eth_blockNumber
eth_getBlockByNumber
eth_getBlockByNumber
eth_getBlockByNumber
eth_getBlockByNumber
eth_getBlockByNumber
eth_getBlockByNumber
eth_getBlockByNumber
eth_getBlockByNumber
eth_getBlockByNumber
eth_getBlockByNumber
eth_getBlockByNumber
eth_getBlockByNumber
eth_estimateGas
eth_getBlockByNumber
eth_getBlockByNumber
eth_gasPrice
eth_getBlockByNumber
eth_getBlockByNumber
eth_getBlockByNumber
eth_sendTransaction
eth_getBlockByNumber
eth_getBlockByNumber
eth_getBlockByNumber
eth_getBlockByNumber
eth_getBlockByNumber
eth_getBlockByNumber
eth_getBlockByNumber
eth_getBlockByNumber

  Transaction: 0xc360c6e7c40d82d7d737c8c311f9aa5345e78de07977543b1ce7708e50c65a4c
  Gas usage: 30467
  Block Number: 28
  Block Time: Thu May 04 2023 06:35:20 GMT+0800 (中国标准时间)

eth_getTransactionReceipt
eth_getBlockByNumber
eth_getBlockByNumber
eth_getBlockByNumber
eth_getBlockByNumber
eth_getBlockByNumber
eth_getBlockByNumber
eth_getCode
eth_blockNumber
eth_getBlockByNumber
eth_getBlockByNumber
eth_estimateGas
eth_getBlockByNumber
eth_getBlockByNumber
eth_getBlockByNumber
eth_getBlockByNumber
eth_getBlockByNumber
eth_getBlockByNumber
eth_getBlockByNumber
eth_getBlockByNumber
eth_getBlockByNumber
eth_getBlockByNumber
eth_getBlockByNumber
eth_gasPrice
eth_getBlockByNumber
eth_getBlockByNumber
eth_getBlockByNumber
eth_getBlockByNumber
eth_getBlockByNumber
eth_getBlockByNumber
eth_getBlockByNumber
eth_getBlockByNumber
eth_getBlockByNumber
eth_sendTransaction
eth_getBlockByNumber
eth_getBlockByNumber
eth_getBlockByNumber
eth_getBlockByNumber
eth_getBlockByNumber
eth_getBlockByNumber
eth_getBlockByNumber
eth_getBlockByNumber
eth_getBlockByNumber

  Transaction: 0xe818c1d0979f936438766f62743fe454172f9bd79ad3ede00f1c101292ba18c1
  Gas usage: 30407
  Block Number: 29
  Block Time: Thu May 04 2023 06:35:20 GMT+0800 (中国标准时间)

eth_getTransactionReceipt
eth_getBlockByNumber
eth_getBlockByNumber
eth_getBlockByNumber
eth_getBlockByNumber
eth_getBlockByNumber
eth_getBlockByNumber
eth_getBlockByNumber
eth_getBlockByNumber
eth_getCode
eth_getBlockByNumber
eth_blockNumber
eth_blockNumber